method = sample (Default)
method = sample (Default)
  sample
    num_samples = 20000
    num_warmup = 1000 (Default)
    save_warmup = 0 (Default)
    thin = 1 (Default)
method = sample (Default)
  sample
    num_samples = 20000
    num_warmup = 1000 (Default)
method = sample (Default)
  sample
    save_warmup = 0 (Default)
    thin = 1 (Default)
    adapt
      engaged = 1 (Default)
      gamma = 0.050000000000000003 (Default)
      delta = 0.80000000000000004 (Default)
    num_samples = 20000
    num_warmup = 1000 (Default)
    save_warmup = 0 (Default)
    thin = 1 (Default)
    adapt
      engaged = 1 (Default)
      gamma = 0.050000000000000003 (Default)
      delta = 0.80000000000000004 (Default)
      kappa = 0.75 (Default)
      t0 = 10 (Default)
      init_buffer = 75 (Default)
      term_buffer = 50 (Default)
      window = 25 (Default)
    algorithm = hmc (Default)
      hmc
  sample
        engine = nuts (Default)
          nuts
    num_samples = 20000
      kappa = 0.75 (Default)
    adapt
            max_depth = 10 (Default)
    num_warmup = 1000 (Default)
      engaged = 1 (Default)
        metric = diag_e (Default)
      t0 = 10 (Default)
    save_warmup = 0 (Default)
      init_buffer = 75 (Default)
      gamma = 0.050000000000000003 (Default)
        metric_file =  (Default)
      delta = 0.80000000000000004 (Default)
        stepsize = 1 (Default)
      kappa = 0.75 (Default)
      term_buffer = 50 (Default)
      window = 25 (Default)
    algorithm = hmc (Default)
        stepsize_jitter = 1
      hmc
        engine = nuts (Default)
    num_chains = 1 (Default)
    thin = 1 (Default)
      t0 = 10 (Default)
    adapt
          nuts
      engaged = 1 (Default)
      init_buffer = 75 (Default)
id = 3
      term_buffer = 50 (Default)
data
      window = 25 (Default)
  file = /Users/fprimeau/RESEARCH/Bayesian-Hierarchical-Model-for-the-CMIP5-6-anthropogenic-C-uptake/src/tmp/cmip_data_3.R
      gamma = 0.050000000000000003 (Default)
    algorithm = hmc (Default)
      delta = 0.80000000000000004 (Default)
init = 2 (Default)
      kappa = 0.75 (Default)
random
      t0 = 10 (Default)
  seed = 2646277508 (Default)
      init_buffer = 75 (Default)
output
            max_depth = 10 (Default)
      term_buffer = 50 (Default)
  file = /Users/fprimeau/RESEARCH/Bayesian-Hierarchical-Model-for-the-CMIP5-6-anthropogenic-C-uptake/src/tmp/cmip_chain_3.csv
      hmc
      window = 25 (Default)
        metric = diag_e (Default)
  diagnostic_file =  (Default)
    algorithm = hmc (Default)
        engine = nuts (Default)
        metric_file =  (Default)
  refresh = 100 (Default)
      hmc
          nuts
        stepsize = 1 (Default)
  sig_figs = -1 (Default)
        engine = nuts (Default)
            max_depth = 10 (Default)
        stepsize_jitter = 1
  profile_file = profile.csv (Default)
          nuts
        metric = diag_e (Default)
    num_chains = 1 (Default)
num_threads = 1 (Default)
            max_depth = 10 (Default)
        metric_file =  (Default)

id = 1 (Default)
        metric = diag_e (Default)
        stepsize = 1 (Default)
data
        metric_file =  (Default)
        stepsize_jitter = 1
  file = /Users/fprimeau/RESEARCH/Bayesian-Hierarchical-Model-for-the-CMIP5-6-anthropogenic-C-uptake/src/tmp/cmip_data_1.R
        stepsize = 1 (Default)
    num_chains = 1 (Default)
init = 2 (Default)
        stepsize_jitter = 1
id = 4
random
    num_chains = 1 (Default)
data
  seed = 2646277508 (Default)
id = 2
  file = /Users/fprimeau/RESEARCH/Bayesian-Hierarchical-Model-for-the-CMIP5-6-anthropogenic-C-uptake/src/tmp/cmip_data_4.R
output
data
init = 2 (Default)
  file = /Users/fprimeau/RESEARCH/Bayesian-Hierarchical-Model-for-the-CMIP5-6-anthropogenic-C-uptake/src/tmp/cmip_chain_1.csv
  file = /Users/fprimeau/RESEARCH/Bayesian-Hierarchical-Model-for-the-CMIP5-6-anthropogenic-C-uptake/src/tmp/cmip_data_2.R
random
  diagnostic_file =  (Default)
init = 2 (Default)
  seed = 2646277508 (Default)
  refresh = 100 (Default)
random
output
  sig_figs = -1 (Default)
  seed = 2646277508 (Default)
  file = /Users/fprimeau/RESEARCH/Bayesian-Hierarchical-Model-for-the-CMIP5-6-anthropogenic-C-uptake/src/tmp/cmip_chain_4.csv
  profile_file = profile.csv (Default)
output
  diagnostic_file =  (Default)
num_threads = 1 (Default)
  file = /Users/fprimeau/RESEARCH/Bayesian-Hierarchical-Model-for-the-CMIP5-6-anthropogenic-C-uptake/src/tmp/cmip_chain_2.csv

  refresh = 100 (Default)
  diagnostic_file =  (Default)
  sig_figs = -1 (Default)
  refresh = 100 (Default)
  profile_file = profile.csv (Default)
  sig_figs = -1 (Default)
num_threads = 1 (Default)

  profile_file = profile.csv (Default)
num_threads = 1 (Default)


Gradient evaluation took 3.8e-05 seconds
1000 transitions using 10 leapfrog steps per transition would take 0.38 seconds.
Adjust your expectations accordingly!


Iteration:     1 / 21000 [  0%]  (Warmup)

Gradient evaluation took 4.1e-05 seconds
1000 transitions using 10 leapfrog steps per transition would take 0.41 seconds.
Adjust your expectations accordingly!



Gradient evaluation took 4e-05 seconds
1000 transitions using 10 leapfrog steps per transition would take 0.4 seconds.
Adjust your expectations accordingly!



Gradient evaluation took 4.3e-05 seconds
1000 transitions using 10 leapfrog steps per transition would take 0.43 seconds.
Adjust your expectations accordingly!


Iteration:     1 / 21000 [  0%]  (Warmup)
Iteration:     1 / 21000 [  0%]  (Warmup)
Iteration:     1 / 21000 [  0%]  (Warmup)
Iteration:   100 / 21000 [  0%]  (Warmup)
Iteration:   100 / 21000 [  0%]  (Warmup)
Iteration:   100 / 21000 [  0%]  (Warmup)
Iteration:   100 / 21000 [  0%]  (Warmup)
Iteration:   200 / 21000 [  0%]  (Warmup)
Iteration:   200 / 21000 [  0%]  (Warmup)
Iteration:   300 / 21000 [  1%]  (Warmup)
Iteration:   200 / 21000 [  0%]  (Warmup)
Iteration:   200 / 21000 [  0%]  (Warmup)
Iteration:   300 / 21000 [  1%]  (Warmup)
Iteration:   400 / 21000 [  1%]  (Warmup)
Iteration:   300 / 21000 [  1%]  (Warmup)
Iteration:   400 / 21000 [  1%]  (Warmup)
Iteration:   400 / 21000 [  1%]  (Warmup)
Iteration:   300 / 21000 [  1%]  (Warmup)
Iteration:   500 / 21000 [  2%]  (Warmup)
Iteration:   600 / 21000 [  2%]  (Warmup)
Iteration:   500 / 21000 [  2%]  (Warmup)
Iteration:   400 / 21000 [  1%]  (Warmup)
Iteration:   700 / 21000 [  3%]  (Warmup)
Iteration:   500 / 21000 [  2%]  (Warmup)
Iteration:   600 / 21000 [  2%]  (Warmup)
Iteration:   500 / 21000 [  2%]  (Warmup)
Iteration:   800 / 21000 [  3%]  (Warmup)
Iteration:   600 / 21000 [  2%]  (Warmup)
Iteration:   700 / 21000 [  3%]  (Warmup)
Iteration:   700 / 21000 [  3%]  (Warmup)
Iteration:   600 / 21000 [  2%]  (Warmup)
Iteration:   800 / 21000 [  3%]  (Warmup)
Iteration:   700 / 21000 [  3%]  (Warmup)
Iteration:   900 / 21000 [  4%]  (Warmup)
Iteration:   800 / 21000 [  3%]  (Warmup)
Iteration:  1000 / 21000 [  4%]  (Warmup)
Iteration:  1001 / 21000 [  4%]  (Sampling)
Iteration:   900 / 21000 [  4%]  (Warmup)
Iteration:  1100 / 21000 [  5%]  (Sampling)
Iteration:  1000 / 21000 [  4%]  (Warmup)
Iteration:  1001 / 21000 [  4%]  (Sampling)
Iteration:  1200 / 21000 [  5%]  (Sampling)
Iteration:   900 / 21000 [  4%]  (Warmup)
Iteration:  1100 / 21000 [  5%]  (Sampling)
Iteration:   800 / 21000 [  3%]  (Warmup)
Iteration:  1300 / 21000 [  6%]  (Sampling)
Iteration:  1200 / 21000 [  5%]  (Sampling)
Iteration:  1400 / 21000 [  6%]  (Sampling)
Iteration:  1300 / 21000 [  6%]  (Sampling)
Iteration:  1500 / 21000 [  7%]  (Sampling)
Iteration:  1400 / 21000 [  6%]  (Sampling)
Iteration:  1600 / 21000 [  7%]  (Sampling)
Iteration:  1500 / 21000 [  7%]  (Sampling)
Iteration:  1700 / 21000 [  8%]  (Sampling)
Iteration:  1600 / 21000 [  7%]  (Sampling)
Iteration:  1800 / 21000 [  8%]  (Sampling)
Iteration:  1700 / 21000 [  8%]  (Sampling)
Iteration:  1900 / 21000 [  9%]  (Sampling)
Iteration:  1800 / 21000 [  8%]  (Sampling)
Iteration:  2000 / 21000 [  9%]  (Sampling)
Iteration:  2100 / 21000 [ 10%]  (Sampling)
Iteration:  1900 / 21000 [  9%]  (Sampling)
Iteration:  2000 / 21000 [  9%]  (Sampling)
Iteration:  2200 / 21000 [ 10%]  (Sampling)
Iteration:  1000 / 21000 [  4%]  (Warmup)
Iteration:  1001 / 21000 [  4%]  (Sampling)
Iteration:  2100 / 21000 [ 10%]  (Sampling)
Iteration:   900 / 21000 [  4%]  (Warmup)
Iteration:  2300 / 21000 [ 10%]  (Sampling)
Iteration:  2200 / 21000 [ 10%]  (Sampling)
Iteration:  2400 / 21000 [ 11%]  (Sampling)
Iteration:  2300 / 21000 [ 10%]  (Sampling)
Iteration:  2400 / 21000 [ 11%]  (Sampling)
Iteration:  2500 / 21000 [ 11%]  (Sampling)
Iteration:  2500 / 21000 [ 11%]  (Sampling)
Iteration:  2600 / 21000 [ 12%]  (Sampling)
Iteration:  2700 / 21000 [ 12%]  (Sampling)
Iteration:  2600 / 21000 [ 12%]  (Sampling)
Iteration:  2800 / 21000 [ 13%]  (Sampling)
Iteration:  2700 / 21000 [ 12%]  (Sampling)
Iteration:  2900 / 21000 [ 13%]  (Sampling)
Iteration:  2800 / 21000 [ 13%]  (Sampling)
Iteration:  3000 / 21000 [ 14%]  (Sampling)
Iteration:  3100 / 21000 [ 14%]  (Sampling)
Iteration:  2900 / 21000 [ 13%]  (Sampling)
Iteration:  3200 / 21000 [ 15%]  (Sampling)
Iteration:  1000 / 21000 [  4%]  (Warmup)
Iteration:  1001 / 21000 [  4%]  (Sampling)
Iteration:  3300 / 21000 [ 15%]  (Sampling)
Iteration:  3000 / 21000 [ 14%]  (Sampling)
Iteration:  1100 / 21000 [  5%]  (Sampling)
Iteration:  3400 / 21000 [ 16%]  (Sampling)
Iteration:  3100 / 21000 [ 14%]  (Sampling)
Iteration:  3500 / 21000 [ 16%]  (Sampling)
Iteration:  3200 / 21000 [ 15%]  (Sampling)
Iteration:  3600 / 21000 [ 17%]  (Sampling)
Iteration:  3700 / 21000 [ 17%]  (Sampling)
Iteration:  3300 / 21000 [ 15%]  (Sampling)
Iteration:  3800 / 21000 [ 18%]  (Sampling)
Iteration:  3400 / 21000 [ 16%]  (Sampling)
Iteration:  3900 / 21000 [ 18%]  (Sampling)
Iteration:  3500 / 21000 [ 16%]  (Sampling)
Iteration:  4000 / 21000 [ 19%]  (Sampling)
Iteration:  4100 / 21000 [ 19%]  (Sampling)
Iteration:  3600 / 21000 [ 17%]  (Sampling)
Iteration:  4200 / 21000 [ 20%]  (Sampling)
Iteration:  3700 / 21000 [ 17%]  (Sampling)
Iteration:  4300 / 21000 [ 20%]  (Sampling)
Iteration:  1100 / 21000 [  5%]  (Sampling)
Iteration:  4400 / 21000 [ 20%]  (Sampling)
Iteration:  3800 / 21000 [ 18%]  (Sampling)
Iteration:  4500 / 21000 [ 21%]  (Sampling)
Iteration:  3900 / 21000 [ 18%]  (Sampling)
Iteration:  1200 / 21000 [  5%]  (Sampling)
Iteration:  4600 / 21000 [ 21%]  (Sampling)
Iteration:  4700 / 21000 [ 22%]  (Sampling)
Iteration:  4000 / 21000 [ 19%]  (Sampling)
Iteration:  4800 / 21000 [ 22%]  (Sampling)
Iteration:  4100 / 21000 [ 19%]  (Sampling)
Iteration:  4900 / 21000 [ 23%]  (Sampling)
Iteration:  4200 / 21000 [ 20%]  (Sampling)
Iteration:  5000 / 21000 [ 23%]  (Sampling)
Iteration:  4300 / 21000 [ 20%]  (Sampling)
Iteration:  5100 / 21000 [ 24%]  (Sampling)
Iteration:  4400 / 21000 [ 20%]  (Sampling)
Iteration:  5200 / 21000 [ 24%]  (Sampling)
Iteration:  4500 / 21000 [ 21%]  (Sampling)
Iteration:  5300 / 21000 [ 25%]  (Sampling)
Iteration:  4600 / 21000 [ 21%]  (Sampling)
Iteration:  5400 / 21000 [ 25%]  (Sampling)
Iteration:  4700 / 21000 [ 22%]  (Sampling)
Iteration:  1200 / 21000 [  5%]  (Sampling)
Iteration:  5500 / 21000 [ 26%]  (Sampling)
Iteration:  5600 / 21000 [ 26%]  (Sampling)
Iteration:  4800 / 21000 [ 22%]  (Sampling)
Iteration:  5700 / 21000 [ 27%]  (Sampling)
Iteration:  1300 / 21000 [  6%]  (Sampling)
Iteration:  4900 / 21000 [ 23%]  (Sampling)
Iteration:  5800 / 21000 [ 27%]  (Sampling)
Iteration:  5000 / 21000 [ 23%]  (Sampling)
Iteration:  5900 / 21000 [ 28%]  (Sampling)
Iteration:  5100 / 21000 [ 24%]  (Sampling)
Iteration:  6000 / 21000 [ 28%]  (Sampling)
Iteration:  5200 / 21000 [ 24%]  (Sampling)
Iteration:  6100 / 21000 [ 29%]  (Sampling)
Iteration:  5300 / 21000 [ 25%]  (Sampling)
Iteration:  6200 / 21000 [ 29%]  (Sampling)
Iteration:  6300 / 21000 [ 30%]  (Sampling)
Iteration:  5400 / 21000 [ 25%]  (Sampling)
Iteration:  5500 / 21000 [ 26%]  (Sampling)
Iteration:  6400 / 21000 [ 30%]  (Sampling)
Iteration:  5600 / 21000 [ 26%]  (Sampling)
Iteration:  6500 / 21000 [ 30%]  (Sampling)
Iteration:  5700 / 21000 [ 27%]  (Sampling)
Iteration:  6600 / 21000 [ 31%]  (Sampling)
Iteration:  1300 / 21000 [  6%]  (Sampling)
Iteration:  6700 / 21000 [ 31%]  (Sampling)
Iteration:  5800 / 21000 [ 27%]  (Sampling)
Iteration:  6800 / 21000 [ 32%]  (Sampling)
Iteration:  5900 / 21000 [ 28%]  (Sampling)
Iteration:  6900 / 21000 [ 32%]  (Sampling)
Iteration:  6000 / 21000 [ 28%]  (Sampling)
Iteration:  1400 / 21000 [  6%]  (Sampling)
Iteration:  7000 / 21000 [ 33%]  (Sampling)
Iteration:  6100 / 21000 [ 29%]  (Sampling)
Iteration:  7100 / 21000 [ 33%]  (Sampling)
Iteration:  6200 / 21000 [ 29%]  (Sampling)
Iteration:  7200 / 21000 [ 34%]  (Sampling)
Iteration:  6300 / 21000 [ 30%]  (Sampling)
Iteration:  7300 / 21000 [ 34%]  (Sampling)
Iteration:  6400 / 21000 [ 30%]  (Sampling)
Iteration:  7400 / 21000 [ 35%]  (Sampling)
Iteration:  6500 / 21000 [ 30%]  (Sampling)
Iteration:  7500 / 21000 [ 35%]  (Sampling)
Iteration:  6600 / 21000 [ 31%]  (Sampling)
Iteration:  7600 / 21000 [ 36%]  (Sampling)
Iteration:  6700 / 21000 [ 31%]  (Sampling)
Iteration:  7700 / 21000 [ 36%]  (Sampling)
Iteration:  6800 / 21000 [ 32%]  (Sampling)
Iteration:  7800 / 21000 [ 37%]  (Sampling)
Iteration:  1400 / 21000 [  6%]  (Sampling)
Iteration:  6900 / 21000 [ 32%]  (Sampling)
Iteration:  7900 / 21000 [ 37%]  (Sampling)
Iteration:  7000 / 21000 [ 33%]  (Sampling)
Iteration:  8000 / 21000 [ 38%]  (Sampling)
Iteration:  7100 / 21000 [ 33%]  (Sampling)
Iteration:  1500 / 21000 [  7%]  (Sampling)
Iteration:  8100 / 21000 [ 38%]  (Sampling)
Iteration:  7200 / 21000 [ 34%]  (Sampling)
Iteration:  8200 / 21000 [ 39%]  (Sampling)
Iteration:  7300 / 21000 [ 34%]  (Sampling)
Iteration:  8300 / 21000 [ 39%]  (Sampling)
Iteration:  1500 / 21000 [  7%]  (Sampling)
Iteration:  1600 / 21000 [  7%]  (Sampling)
Iteration:  1700 / 21000 [  8%]  (Sampling)
Iteration:  1800 / 21000 [  8%]  (Sampling)
Iteration:  1900 / 21000 [  9%]  (Sampling)
Iteration:  2000 / 21000 [  9%]  (Sampling)
Iteration:  2100 / 21000 [ 10%]  (Sampling)
Iteration:  7400 / 21000 [ 35%]  (Sampling)
Iteration:  2200 / 21000 [ 10%]  (Sampling)
Iteration:  8400 / 21000 [ 40%]  (Sampling)
Iteration:  2300 / 21000 [ 10%]  (Sampling)
Iteration:  2400 / 21000 [ 11%]  (Sampling)
Iteration:  2500 / 21000 [ 11%]  (Sampling)
Iteration:  2600 / 21000 [ 12%]  (Sampling)
Iteration:  2700 / 21000 [ 12%]  (Sampling)
Iteration:  2800 / 21000 [ 13%]  (Sampling)
Iteration:  2900 / 21000 [ 13%]  (Sampling)
Iteration:  3000 / 21000 [ 14%]  (Sampling)
Iteration:  3100 / 21000 [ 14%]  (Sampling)
Iteration:  3200 / 21000 [ 15%]  (Sampling)
Iteration:  8500 / 21000 [ 40%]  (Sampling)
Iteration:  7500 / 21000 [ 35%]  (Sampling)
Iteration:  8600 / 21000 [ 40%]  (Sampling)
Iteration:  7600 / 21000 [ 36%]  (Sampling)
Iteration:  8700 / 21000 [ 41%]  (Sampling)
Iteration:  8800 / 21000 [ 41%]  (Sampling)
Iteration:  7700 / 21000 [ 36%]  (Sampling)
Iteration:  3300 / 21000 [ 15%]  (Sampling)
Iteration:  8900 / 21000 [ 42%]  (Sampling)
Iteration:  7800 / 21000 [ 37%]  (Sampling)
Iteration:  9000 / 21000 [ 42%]  (Sampling)
Iteration:  7900 / 21000 [ 37%]  (Sampling)
Iteration:  9100 / 21000 [ 43%]  (Sampling)
Iteration:  8000 / 21000 [ 38%]  (Sampling)
Iteration:  9200 / 21000 [ 43%]  (Sampling)
Iteration:  8100 / 21000 [ 38%]  (Sampling)
Iteration:  1600 / 21000 [  7%]  (Sampling)
Iteration:  9300 / 21000 [ 44%]  (Sampling)
Iteration:  8200 / 21000 [ 39%]  (Sampling)
Iteration:  9400 / 21000 [ 44%]  (Sampling)
Iteration:  8300 / 21000 [ 39%]  (Sampling)
Iteration:  9500 / 21000 [ 45%]  (Sampling)
Iteration:  9600 / 21000 [ 45%]  (Sampling)
Iteration:  8400 / 21000 [ 40%]  (Sampling)
Iteration:  9700 / 21000 [ 46%]  (Sampling)
Iteration:  8500 / 21000 [ 40%]  (Sampling)
Iteration:  9800 / 21000 [ 46%]  (Sampling)
Iteration:  8600 / 21000 [ 40%]  (Sampling)
Iteration:  9900 / 21000 [ 47%]  (Sampling)
Iteration:  8700 / 21000 [ 41%]  (Sampling)
Iteration:  8800 / 21000 [ 41%]  (Sampling)
Iteration:  3400 / 21000 [ 16%]  (Sampling)
Iteration: 10000 / 21000 [ 47%]  (Sampling)
Iteration:  8900 / 21000 [ 42%]  (Sampling)
Iteration: 10100 / 21000 [ 48%]  (Sampling)
Iteration:  9000 / 21000 [ 42%]  (Sampling)
Iteration: 10200 / 21000 [ 48%]  (Sampling)
Iteration:  9100 / 21000 [ 43%]  (Sampling)
Iteration: 10300 / 21000 [ 49%]  (Sampling)
Iteration:  9200 / 21000 [ 43%]  (Sampling)
Iteration: 10400 / 21000 [ 49%]  (Sampling)
Iteration:  1700 / 21000 [  8%]  (Sampling)
Iteration: 10500 / 21000 [ 50%]  (Sampling)
Iteration:  9300 / 21000 [ 44%]  (Sampling)
Iteration:  9400 / 21000 [ 44%]  (Sampling)
Iteration: 10600 / 21000 [ 50%]  (Sampling)
Iteration:  9500 / 21000 [ 45%]  (Sampling)
Iteration: 10700 / 21000 [ 50%]  (Sampling)
Iteration: 10800 / 21000 [ 51%]  (Sampling)
Iteration:  9600 / 21000 [ 45%]  (Sampling)
Iteration: 10900 / 21000 [ 51%]  (Sampling)
Iteration:  9700 / 21000 [ 46%]  (Sampling)
Iteration:  9800 / 21000 [ 46%]  (Sampling)
Iteration: 11000 / 21000 [ 52%]  (Sampling)
Iteration:  3500 / 21000 [ 16%]  (Sampling)
Iteration: 11100 / 21000 [ 52%]  (Sampling)
Iteration:  9900 / 21000 [ 47%]  (Sampling)
Iteration: 11200 / 21000 [ 53%]  (Sampling)
Iteration: 10000 / 21000 [ 47%]  (Sampling)
Iteration: 11300 / 21000 [ 53%]  (Sampling)
Iteration: 10100 / 21000 [ 48%]  (Sampling)
Iteration: 11400 / 21000 [ 54%]  (Sampling)
Iteration: 10200 / 21000 [ 48%]  (Sampling)
Iteration:  1800 / 21000 [  8%]  (Sampling)
Iteration: 11500 / 21000 [ 54%]  (Sampling)
Iteration: 10300 / 21000 [ 49%]  (Sampling)
Iteration: 11600 / 21000 [ 55%]  (Sampling)
Iteration:  3600 / 21000 [ 17%]  (Sampling)
Iteration: 11700 / 21000 [ 55%]  (Sampling)
Iteration: 11800 / 21000 [ 56%]  (Sampling)
Iteration: 10400 / 21000 [ 49%]  (Sampling)
Iteration: 11900 / 21000 [ 56%]  (Sampling)
Iteration: 12000 / 21000 [ 57%]  (Sampling)
Iteration: 10500 / 21000 [ 50%]  (Sampling)
Iteration: 12100 / 21000 [ 57%]  (Sampling)
Iteration: 10600 / 21000 [ 50%]  (Sampling)
Iteration: 12200 / 21000 [ 58%]  (Sampling)
Iteration: 10700 / 21000 [ 50%]  (Sampling)
Iteration: 12300 / 21000 [ 58%]  (Sampling)
Iteration: 10800 / 21000 [ 51%]  (Sampling)
Iteration: 12400 / 21000 [ 59%]  (Sampling)
Iteration: 10900 / 21000 [ 51%]  (Sampling)
Iteration: 12500 / 21000 [ 59%]  (Sampling)
Iteration: 11000 / 21000 [ 52%]  (Sampling)
Iteration:  3700 / 21000 [ 17%]  (Sampling)
Iteration: 11100 / 21000 [ 52%]  (Sampling)
Iteration: 12600 / 21000 [ 60%]  (Sampling)
Iteration: 11200 / 21000 [ 53%]  (Sampling)
Iteration: 12700 / 21000 [ 60%]  (Sampling)
Iteration: 11300 / 21000 [ 53%]  (Sampling)
Iteration:  1900 / 21000 [  9%]  (Sampling)
Iteration: 12800 / 21000 [ 60%]  (Sampling)
Iteration: 11400 / 21000 [ 54%]  (Sampling)
Iteration: 12900 / 21000 [ 61%]  (Sampling)
Iteration: 11500 / 21000 [ 54%]  (Sampling)
Iteration: 13000 / 21000 [ 61%]  (Sampling)
Iteration: 13100 / 21000 [ 62%]  (Sampling)
Iteration: 11600 / 21000 [ 55%]  (Sampling)
Iteration: 13200 / 21000 [ 62%]  (Sampling)
Iteration: 11700 / 21000 [ 55%]  (Sampling)
Iteration: 13300 / 21000 [ 63%]  (Sampling)
Iteration: 11800 / 21000 [ 56%]  (Sampling)
Iteration: 13400 / 21000 [ 63%]  (Sampling)
Iteration: 11900 / 21000 [ 56%]  (Sampling)
Iteration: 13500 / 21000 [ 64%]  (Sampling)
Iteration:  3800 / 21000 [ 18%]  (Sampling)
Iteration: 13600 / 21000 [ 64%]  (Sampling)
Iteration: 12000 / 21000 [ 57%]  (Sampling)
Iteration: 13700 / 21000 [ 65%]  (Sampling)
Iteration: 12100 / 21000 [ 57%]  (Sampling)
Iteration: 13800 / 21000 [ 65%]  (Sampling)
Iteration: 12200 / 21000 [ 58%]  (Sampling)
Iteration: 12300 / 21000 [ 58%]  (Sampling)
Iteration: 13900 / 21000 [ 66%]  (Sampling)
Iteration:  2000 / 21000 [  9%]  (Sampling)
Iteration: 14000 / 21000 [ 66%]  (Sampling)
Iteration: 12400 / 21000 [ 59%]  (Sampling)
Iteration: 14100 / 21000 [ 67%]  (Sampling)
Iteration: 12500 / 21000 [ 59%]  (Sampling)
Iteration: 14200 / 21000 [ 67%]  (Sampling)
Iteration: 12600 / 21000 [ 60%]  (Sampling)
Iteration: 14300 / 21000 [ 68%]  (Sampling)
Iteration: 12700 / 21000 [ 60%]  (Sampling)
Iteration: 14400 / 21000 [ 68%]  (Sampling)
Iteration: 12800 / 21000 [ 60%]  (Sampling)
Iteration: 14500 / 21000 [ 69%]  (Sampling)
Iteration:  3900 / 21000 [ 18%]  (Sampling)
Iteration: 14600 / 21000 [ 69%]  (Sampling)
Iteration: 12900 / 21000 [ 61%]  (Sampling)
Iteration: 14700 / 21000 [ 70%]  (Sampling)
Iteration: 13000 / 21000 [ 61%]  (Sampling)
Iteration: 14800 / 21000 [ 70%]  (Sampling)
Iteration: 13100 / 21000 [ 62%]  (Sampling)
Iteration: 14900 / 21000 [ 70%]  (Sampling)
Iteration: 13200 / 21000 [ 62%]  (Sampling)
Iteration: 15000 / 21000 [ 71%]  (Sampling)
Iteration: 15100 / 21000 [ 71%]  (Sampling)
Iteration:  2100 / 21000 [ 10%]  (Sampling)
Iteration: 13300 / 21000 [ 63%]  (Sampling)
Iteration: 15200 / 21000 [ 72%]  (Sampling)
Iteration: 15300 / 21000 [ 72%]  (Sampling)
Iteration: 13400 / 21000 [ 63%]  (Sampling)
Iteration: 15400 / 21000 [ 73%]  (Sampling)
Iteration: 15500 / 21000 [ 73%]  (Sampling)
Iteration: 13500 / 21000 [ 64%]  (Sampling)
Iteration: 15600 / 21000 [ 74%]  (Sampling)
Iteration:  4000 / 21000 [ 19%]  (Sampling)
Iteration: 15700 / 21000 [ 74%]  (Sampling)
Iteration: 13600 / 21000 [ 64%]  (Sampling)
Iteration: 15800 / 21000 [ 75%]  (Sampling)
Iteration: 15900 / 21000 [ 75%]  (Sampling)
Iteration: 13700 / 21000 [ 65%]  (Sampling)
Iteration: 16000 / 21000 [ 76%]  (Sampling)
Iteration: 13800 / 21000 [ 65%]  (Sampling)
Iteration: 16100 / 21000 [ 76%]  (Sampling)
Iteration: 16200 / 21000 [ 77%]  (Sampling)
Iteration: 16300 / 21000 [ 77%]  (Sampling)
Iteration: 13900 / 21000 [ 66%]  (Sampling)
Iteration:  2200 / 21000 [ 10%]  (Sampling)
Iteration: 16400 / 21000 [ 78%]  (Sampling)
Iteration: 14000 / 21000 [ 66%]  (Sampling)
Iteration: 16500 / 21000 [ 78%]  (Sampling)
Iteration: 16600 / 21000 [ 79%]  (Sampling)
Iteration: 14100 / 21000 [ 67%]  (Sampling)
Iteration: 16700 / 21000 [ 79%]  (Sampling)
Iteration: 14200 / 21000 [ 67%]  (Sampling)
Iteration: 16800 / 21000 [ 80%]  (Sampling)
Iteration: 14300 / 21000 [ 68%]  (Sampling)
Iteration: 16900 / 21000 [ 80%]  (Sampling)
Iteration: 14400 / 21000 [ 68%]  (Sampling)
Iteration:  4100 / 21000 [ 19%]  (Sampling)
Iteration: 17000 / 21000 [ 80%]  (Sampling)
Iteration: 14500 / 21000 [ 69%]  (Sampling)
Iteration: 17100 / 21000 [ 81%]  (Sampling)
Iteration: 14600 / 21000 [ 69%]  (Sampling)
Iteration: 17200 / 21000 [ 81%]  (Sampling)
Iteration: 14700 / 21000 [ 70%]  (Sampling)
Iteration: 17300 / 21000 [ 82%]  (Sampling)
Iteration: 14800 / 21000 [ 70%]  (Sampling)
Iteration: 14900 / 21000 [ 70%]  (Sampling)
Iteration: 17400 / 21000 [ 82%]  (Sampling)
Iteration: 17500 / 21000 [ 83%]  (Sampling)
Iteration: 15000 / 21000 [ 71%]  (Sampling)
Iteration:  2300 / 21000 [ 10%]  (Sampling)
Iteration: 17600 / 21000 [ 83%]  (Sampling)
Iteration: 15100 / 21000 [ 71%]  (Sampling)
Iteration: 17700 / 21000 [ 84%]  (Sampling)
Iteration: 15200 / 21000 [ 72%]  (Sampling)
Iteration: 17800 / 21000 [ 84%]  (Sampling)
Iteration: 15300 / 21000 [ 72%]  (Sampling)
Iteration: 17900 / 21000 [ 85%]  (Sampling)
Iteration: 15400 / 21000 [ 73%]  (Sampling)
Iteration: 18000 / 21000 [ 85%]  (Sampling)
Iteration: 15500 / 21000 [ 73%]  (Sampling)
Iteration: 18100 / 21000 [ 86%]  (Sampling)
Iteration:  4200 / 21000 [ 20%]  (Sampling)
Iteration: 18200 / 21000 [ 86%]  (Sampling)
Iteration: 15600 / 21000 [ 74%]  (Sampling)
Iteration: 18300 / 21000 [ 87%]  (Sampling)
Iteration: 18400 / 21000 [ 87%]  (Sampling)
Iteration: 15700 / 21000 [ 74%]  (Sampling)
Iteration: 18500 / 21000 [ 88%]  (Sampling)
Iteration: 15800 / 21000 [ 75%]  (Sampling)
Iteration: 18600 / 21000 [ 88%]  (Sampling)
Iteration: 18700 / 21000 [ 89%]  (Sampling)
Iteration: 15900 / 21000 [ 75%]  (Sampling)
Iteration: 18800 / 21000 [ 89%]  (Sampling)
Iteration:  2400 / 21000 [ 11%]  (Sampling)
Iteration: 16000 / 21000 [ 76%]  (Sampling)
Iteration: 18900 / 21000 [ 90%]  (Sampling)
Iteration: 16100 / 21000 [ 76%]  (Sampling)
Iteration: 19000 / 21000 [ 90%]  (Sampling)
Iteration: 19100 / 21000 [ 90%]  (Sampling)
Iteration: 19200 / 21000 [ 91%]  (Sampling)
Iteration: 16200 / 21000 [ 77%]  (Sampling)
Iteration: 19300 / 21000 [ 91%]  (Sampling)
Iteration: 16300 / 21000 [ 77%]  (Sampling)
Iteration: 19400 / 21000 [ 92%]  (Sampling)
Iteration: 16400 / 21000 [ 78%]  (Sampling)
Iteration:  4300 / 21000 [ 20%]  (Sampling)
Iteration: 19500 / 21000 [ 92%]  (Sampling)
Iteration: 16500 / 21000 [ 78%]  (Sampling)
Iteration: 19600 / 21000 [ 93%]  (Sampling)
Iteration: 16600 / 21000 [ 79%]  (Sampling)
Iteration: 19700 / 21000 [ 93%]  (Sampling)
Iteration: 16700 / 21000 [ 79%]  (Sampling)
Iteration: 19800 / 21000 [ 94%]  (Sampling)
Iteration: 19900 / 21000 [ 94%]  (Sampling)
Iteration: 16800 / 21000 [ 80%]  (Sampling)
Iteration: 20000 / 21000 [ 95%]  (Sampling)
Iteration:  2500 / 21000 [ 11%]  (Sampling)
Iteration: 20100 / 21000 [ 95%]  (Sampling)
Iteration: 16900 / 21000 [ 80%]  (Sampling)
Iteration: 20200 / 21000 [ 96%]  (Sampling)
Iteration: 17000 / 21000 [ 80%]  (Sampling)
Iteration: 20300 / 21000 [ 96%]  (Sampling)
Iteration: 17100 / 21000 [ 81%]  (Sampling)
Iteration: 20400 / 21000 [ 97%]  (Sampling)
Iteration: 17200 / 21000 [ 81%]  (Sampling)
Iteration: 20500 / 21000 [ 97%]  (Sampling)
Iteration: 17300 / 21000 [ 82%]  (Sampling)
Iteration: 20600 / 21000 [ 98%]  (Sampling)
Iteration:  4400 / 21000 [ 20%]  (Sampling)
Iteration: 20700 / 21000 [ 98%]  (Sampling)
Iteration: 17400 / 21000 [ 82%]  (Sampling)
Iteration: 17500 / 21000 [ 83%]  (Sampling)
Iteration: 20800 / 21000 [ 99%]  (Sampling)
Iteration: 20900 / 21000 [ 99%]  (Sampling)
Iteration: 17600 / 21000 [ 83%]  (Sampling)
Iteration: 21000 / 21000 [100%]  (Sampling)

 Elapsed Time: 0.985 seconds (Warm-up)
               15.962 seconds (Sampling)
               16.947 seconds (Total)

Iteration: 17700 / 21000 [ 84%]  (Sampling)
Iteration: 17800 / 21000 [ 84%]  (Sampling)
Iteration:  2600 / 21000 [ 12%]  (Sampling)
Iteration: 17900 / 21000 [ 85%]  (Sampling)
Iteration: 18000 / 21000 [ 85%]  (Sampling)
Iteration: 18100 / 21000 [ 86%]  (Sampling)
Iteration: 18200 / 21000 [ 86%]  (Sampling)
Iteration: 18300 / 21000 [ 87%]  (Sampling)
Iteration:  4500 / 21000 [ 21%]  (Sampling)
Iteration: 18400 / 21000 [ 87%]  (Sampling)
Iteration: 18500 / 21000 [ 88%]  (Sampling)
Iteration: 18600 / 21000 [ 88%]  (Sampling)
Iteration: 18700 / 21000 [ 89%]  (Sampling)
Iteration: 18800 / 21000 [ 89%]  (Sampling)
Iteration:  2700 / 21000 [ 12%]  (Sampling)
Iteration: 18900 / 21000 [ 90%]  (Sampling)
Iteration: 19000 / 21000 [ 90%]  (Sampling)
Iteration: 19100 / 21000 [ 90%]  (Sampling)
Iteration: 19200 / 21000 [ 91%]  (Sampling)
Iteration: 19300 / 21000 [ 91%]  (Sampling)
Iteration: 19400 / 21000 [ 92%]  (Sampling)
Iteration:  4600 / 21000 [ 21%]  (Sampling)
Iteration: 19500 / 21000 [ 92%]  (Sampling)
Iteration: 19600 / 21000 [ 93%]  (Sampling)
Iteration: 19700 / 21000 [ 93%]  (Sampling)
Iteration: 19800 / 21000 [ 94%]  (Sampling)
Iteration:  2800 / 21000 [ 13%]  (Sampling)
Iteration: 19900 / 21000 [ 94%]  (Sampling)
Iteration: 20000 / 21000 [ 95%]  (Sampling)
Iteration: 20100 / 21000 [ 95%]  (Sampling)
Iteration: 20200 / 21000 [ 96%]  (Sampling)
Iteration: 20300 / 21000 [ 96%]  (Sampling)
Iteration:  4700 / 21000 [ 22%]  (Sampling)
Iteration: 20400 / 21000 [ 97%]  (Sampling)
Iteration: 20500 / 21000 [ 97%]  (Sampling)
Iteration: 20600 / 21000 [ 98%]  (Sampling)
Iteration: 20700 / 21000 [ 98%]  (Sampling)
Iteration:  2900 / 21000 [ 13%]  (Sampling)
Iteration: 20800 / 21000 [ 99%]  (Sampling)
Iteration: 20900 / 21000 [ 99%]  (Sampling)
Iteration: 21000 / 21000 [100%]  (Sampling)

 Elapsed Time: 1.082 seconds (Warm-up)
               19.168 seconds (Sampling)
               20.25 seconds (Total)

Iteration:  4800 / 21000 [ 22%]  (Sampling)
Iteration:  3000 / 21000 [ 14%]  (Sampling)
Iteration:  4900 / 21000 [ 23%]  (Sampling)
Iteration:  3100 / 21000 [ 14%]  (Sampling)
Iteration:  5000 / 21000 [ 23%]  (Sampling)
Iteration:  3200 / 21000 [ 15%]  (Sampling)
Iteration:  5100 / 21000 [ 24%]  (Sampling)
Iteration:  3300 / 21000 [ 15%]  (Sampling)
Iteration:  5200 / 21000 [ 24%]  (Sampling)
Iteration:  3400 / 21000 [ 16%]  (Sampling)
Iteration:  5300 / 21000 [ 25%]  (Sampling)
Iteration:  3500 / 21000 [ 16%]  (Sampling)
Iteration:  5400 / 21000 [ 25%]  (Sampling)
Iteration:  3600 / 21000 [ 17%]  (Sampling)
Iteration:  5500 / 21000 [ 26%]  (Sampling)
Iteration:  3700 / 21000 [ 17%]  (Sampling)
Iteration:  5600 / 21000 [ 26%]  (Sampling)
Iteration:  3800 / 21000 [ 18%]  (Sampling)
Iteration:  5700 / 21000 [ 27%]  (Sampling)
Iteration:  3900 / 21000 [ 18%]  (Sampling)
Iteration:  5800 / 21000 [ 27%]  (Sampling)
Iteration:  4000 / 21000 [ 19%]  (Sampling)
Iteration:  5900 / 21000 [ 28%]  (Sampling)
Iteration:  4100 / 21000 [ 19%]  (Sampling)
Iteration:  6000 / 21000 [ 28%]  (Sampling)
Iteration:  4200 / 21000 [ 20%]  (Sampling)
Iteration:  6100 / 21000 [ 29%]  (Sampling)
Iteration:  4300 / 21000 [ 20%]  (Sampling)
Iteration:  6200 / 21000 [ 29%]  (Sampling)
Iteration:  4400 / 21000 [ 20%]  (Sampling)
Iteration:  6300 / 21000 [ 30%]  (Sampling)
Iteration:  4500 / 21000 [ 21%]  (Sampling)
Iteration:  6400 / 21000 [ 30%]  (Sampling)
Iteration:  4600 / 21000 [ 21%]  (Sampling)
Iteration:  6500 / 21000 [ 30%]  (Sampling)
Iteration:  4700 / 21000 [ 22%]  (Sampling)
Iteration:  6600 / 21000 [ 31%]  (Sampling)
Iteration:  4800 / 21000 [ 22%]  (Sampling)
Iteration:  6700 / 21000 [ 31%]  (Sampling)
Iteration:  4900 / 21000 [ 23%]  (Sampling)
Iteration:  6800 / 21000 [ 32%]  (Sampling)
Iteration:  5000 / 21000 [ 23%]  (Sampling)
Iteration:  6900 / 21000 [ 32%]  (Sampling)
Iteration:  5100 / 21000 [ 24%]  (Sampling)
Iteration:  7000 / 21000 [ 33%]  (Sampling)
Iteration:  5200 / 21000 [ 24%]  (Sampling)
Iteration:  7100 / 21000 [ 33%]  (Sampling)
Iteration:  5300 / 21000 [ 25%]  (Sampling)
Iteration:  7200 / 21000 [ 34%]  (Sampling)
Iteration:  5400 / 21000 [ 25%]  (Sampling)
Iteration:  7300 / 21000 [ 34%]  (Sampling)
Iteration:  5500 / 21000 [ 26%]  (Sampling)
Iteration:  7400 / 21000 [ 35%]  (Sampling)
Iteration:  5600 / 21000 [ 26%]  (Sampling)
Iteration:  7500 / 21000 [ 35%]  (Sampling)
Iteration:  5700 / 21000 [ 27%]  (Sampling)
Iteration:  7600 / 21000 [ 36%]  (Sampling)
Iteration:  5800 / 21000 [ 27%]  (Sampling)
Iteration:  7700 / 21000 [ 36%]  (Sampling)
Iteration:  5900 / 21000 [ 28%]  (Sampling)
Iteration:  7800 / 21000 [ 37%]  (Sampling)
Iteration:  6000 / 21000 [ 28%]  (Sampling)
Iteration:  7900 / 21000 [ 37%]  (Sampling)
Iteration:  6100 / 21000 [ 29%]  (Sampling)
Iteration:  8000 / 21000 [ 38%]  (Sampling)
Iteration:  6200 / 21000 [ 29%]  (Sampling)
Iteration:  8100 / 21000 [ 38%]  (Sampling)
Iteration:  6300 / 21000 [ 30%]  (Sampling)
Iteration:  8200 / 21000 [ 39%]  (Sampling)
Iteration:  6400 / 21000 [ 30%]  (Sampling)
Iteration:  8300 / 21000 [ 39%]  (Sampling)
Iteration:  6500 / 21000 [ 30%]  (Sampling)
Iteration:  8400 / 21000 [ 40%]  (Sampling)
Iteration:  6600 / 21000 [ 31%]  (Sampling)
Iteration:  8500 / 21000 [ 40%]  (Sampling)
Iteration:  6700 / 21000 [ 31%]  (Sampling)
Iteration:  8600 / 21000 [ 40%]  (Sampling)
Iteration:  6800 / 21000 [ 32%]  (Sampling)
Iteration:  8700 / 21000 [ 41%]  (Sampling)
Iteration:  6900 / 21000 [ 32%]  (Sampling)
Iteration:  8800 / 21000 [ 41%]  (Sampling)
Iteration:  7000 / 21000 [ 33%]  (Sampling)
Iteration:  8900 / 21000 [ 42%]  (Sampling)
Iteration:  7100 / 21000 [ 33%]  (Sampling)
Iteration:  9000 / 21000 [ 42%]  (Sampling)
Iteration:  7200 / 21000 [ 34%]  (Sampling)
Iteration:  9100 / 21000 [ 43%]  (Sampling)
Iteration:  7300 / 21000 [ 34%]  (Sampling)
Iteration:  9200 / 21000 [ 43%]  (Sampling)
Iteration:  7400 / 21000 [ 35%]  (Sampling)
Iteration:  9300 / 21000 [ 44%]  (Sampling)
Iteration:  7500 / 21000 [ 35%]  (Sampling)
Iteration:  9400 / 21000 [ 44%]  (Sampling)
Iteration:  7600 / 21000 [ 36%]  (Sampling)
Iteration:  9500 / 21000 [ 45%]  (Sampling)
Iteration:  7700 / 21000 [ 36%]  (Sampling)
Iteration:  9600 / 21000 [ 45%]  (Sampling)
Iteration:  7800 / 21000 [ 37%]  (Sampling)
Iteration:  9700 / 21000 [ 46%]  (Sampling)
Iteration:  7900 / 21000 [ 37%]  (Sampling)
Iteration:  9800 / 21000 [ 46%]  (Sampling)
Iteration:  8000 / 21000 [ 38%]  (Sampling)
Iteration:  9900 / 21000 [ 47%]  (Sampling)
Iteration:  8100 / 21000 [ 38%]  (Sampling)
Iteration: 10000 / 21000 [ 47%]  (Sampling)
Iteration:  8200 / 21000 [ 39%]  (Sampling)
Iteration: 10100 / 21000 [ 48%]  (Sampling)
Iteration:  8300 / 21000 [ 39%]  (Sampling)
Iteration: 10200 / 21000 [ 48%]  (Sampling)
Iteration:  8400 / 21000 [ 40%]  (Sampling)
Iteration: 10300 / 21000 [ 49%]  (Sampling)
Iteration:  8500 / 21000 [ 40%]  (Sampling)
Iteration: 10400 / 21000 [ 49%]  (Sampling)
Iteration:  8600 / 21000 [ 40%]  (Sampling)
Iteration: 10500 / 21000 [ 50%]  (Sampling)
Iteration:  8700 / 21000 [ 41%]  (Sampling)
Iteration: 10600 / 21000 [ 50%]  (Sampling)
Iteration:  8800 / 21000 [ 41%]  (Sampling)
Iteration: 10700 / 21000 [ 50%]  (Sampling)
Iteration:  8900 / 21000 [ 42%]  (Sampling)
Iteration: 10800 / 21000 [ 51%]  (Sampling)
Iteration:  9000 / 21000 [ 42%]  (Sampling)
Iteration: 10900 / 21000 [ 51%]  (Sampling)
Iteration:  9100 / 21000 [ 43%]  (Sampling)
Iteration: 11000 / 21000 [ 52%]  (Sampling)
Iteration:  9200 / 21000 [ 43%]  (Sampling)
Iteration: 11100 / 21000 [ 52%]  (Sampling)
Iteration:  9300 / 21000 [ 44%]  (Sampling)
Iteration: 11200 / 21000 [ 53%]  (Sampling)
Iteration:  9400 / 21000 [ 44%]  (Sampling)
Iteration: 11300 / 21000 [ 53%]  (Sampling)
Iteration:  9500 / 21000 [ 45%]  (Sampling)
Iteration: 11400 / 21000 [ 54%]  (Sampling)
Iteration:  9600 / 21000 [ 45%]  (Sampling)
Iteration: 11500 / 21000 [ 54%]  (Sampling)
Iteration:  9700 / 21000 [ 46%]  (Sampling)
Iteration: 11600 / 21000 [ 55%]  (Sampling)
Iteration:  9800 / 21000 [ 46%]  (Sampling)
Iteration: 11700 / 21000 [ 55%]  (Sampling)
Iteration:  9900 / 21000 [ 47%]  (Sampling)
Iteration: 11800 / 21000 [ 56%]  (Sampling)
Iteration: 10000 / 21000 [ 47%]  (Sampling)
Iteration: 11900 / 21000 [ 56%]  (Sampling)
Iteration: 10100 / 21000 [ 48%]  (Sampling)
Iteration: 12000 / 21000 [ 57%]  (Sampling)
Iteration: 10200 / 21000 [ 48%]  (Sampling)
Iteration: 12100 / 21000 [ 57%]  (Sampling)
Iteration: 10300 / 21000 [ 49%]  (Sampling)
Iteration: 12200 / 21000 [ 58%]  (Sampling)
Iteration: 10400 / 21000 [ 49%]  (Sampling)
Iteration: 12300 / 21000 [ 58%]  (Sampling)
Iteration: 10500 / 21000 [ 50%]  (Sampling)
Iteration: 12400 / 21000 [ 59%]  (Sampling)
Iteration: 10600 / 21000 [ 50%]  (Sampling)
Iteration: 12500 / 21000 [ 59%]  (Sampling)
Iteration: 10700 / 21000 [ 50%]  (Sampling)
Iteration: 12600 / 21000 [ 60%]  (Sampling)
Iteration: 10800 / 21000 [ 51%]  (Sampling)
Iteration: 12700 / 21000 [ 60%]  (Sampling)
Iteration: 10900 / 21000 [ 51%]  (Sampling)
Iteration: 12800 / 21000 [ 60%]  (Sampling)
Iteration: 11000 / 21000 [ 52%]  (Sampling)
Iteration: 12900 / 21000 [ 61%]  (Sampling)
Iteration: 11100 / 21000 [ 52%]  (Sampling)
Iteration: 13000 / 21000 [ 61%]  (Sampling)
Iteration: 11200 / 21000 [ 53%]  (Sampling)
Iteration: 13100 / 21000 [ 62%]  (Sampling)
Iteration: 11300 / 21000 [ 53%]  (Sampling)
Iteration: 13200 / 21000 [ 62%]  (Sampling)
Iteration: 11400 / 21000 [ 54%]  (Sampling)
Iteration: 13300 / 21000 [ 63%]  (Sampling)
Iteration: 11500 / 21000 [ 54%]  (Sampling)
Iteration: 13400 / 21000 [ 63%]  (Sampling)
Iteration: 11600 / 21000 [ 55%]  (Sampling)
Iteration: 13500 / 21000 [ 64%]  (Sampling)
Iteration: 11700 / 21000 [ 55%]  (Sampling)
Iteration: 13600 / 21000 [ 64%]  (Sampling)
Iteration: 11800 / 21000 [ 56%]  (Sampling)
Iteration: 13700 / 21000 [ 65%]  (Sampling)
Iteration: 11900 / 21000 [ 56%]  (Sampling)
Iteration: 13800 / 21000 [ 65%]  (Sampling)
Iteration: 12000 / 21000 [ 57%]  (Sampling)
Iteration: 13900 / 21000 [ 66%]  (Sampling)
Iteration: 12100 / 21000 [ 57%]  (Sampling)
Iteration: 14000 / 21000 [ 66%]  (Sampling)
Iteration: 12200 / 21000 [ 58%]  (Sampling)
Iteration: 14100 / 21000 [ 67%]  (Sampling)
Iteration: 12300 / 21000 [ 58%]  (Sampling)
Iteration: 14200 / 21000 [ 67%]  (Sampling)
Iteration: 12400 / 21000 [ 59%]  (Sampling)
Iteration: 14300 / 21000 [ 68%]  (Sampling)
Iteration: 12500 / 21000 [ 59%]  (Sampling)
Iteration: 14400 / 21000 [ 68%]  (Sampling)
Iteration: 12600 / 21000 [ 60%]  (Sampling)
Iteration: 14500 / 21000 [ 69%]  (Sampling)
Iteration: 12700 / 21000 [ 60%]  (Sampling)
Iteration: 14600 / 21000 [ 69%]  (Sampling)
Iteration: 12800 / 21000 [ 60%]  (Sampling)
Iteration: 14700 / 21000 [ 70%]  (Sampling)
Iteration: 12900 / 21000 [ 61%]  (Sampling)
Iteration: 14800 / 21000 [ 70%]  (Sampling)
Iteration: 13000 / 21000 [ 61%]  (Sampling)
Iteration: 14900 / 21000 [ 70%]  (Sampling)
Iteration: 13100 / 21000 [ 62%]  (Sampling)
Iteration: 15000 / 21000 [ 71%]  (Sampling)
Iteration: 13200 / 21000 [ 62%]  (Sampling)
Iteration: 15100 / 21000 [ 71%]  (Sampling)
Iteration: 13300 / 21000 [ 63%]  (Sampling)
Iteration: 15200 / 21000 [ 72%]  (Sampling)
Iteration: 13400 / 21000 [ 63%]  (Sampling)
Iteration: 15300 / 21000 [ 72%]  (Sampling)
Iteration: 13500 / 21000 [ 64%]  (Sampling)
Iteration: 15400 / 21000 [ 73%]  (Sampling)
Iteration: 13600 / 21000 [ 64%]  (Sampling)
Iteration: 15500 / 21000 [ 73%]  (Sampling)
Iteration: 13700 / 21000 [ 65%]  (Sampling)
Iteration: 15600 / 21000 [ 74%]  (Sampling)
Iteration: 13800 / 21000 [ 65%]  (Sampling)
Iteration: 15700 / 21000 [ 74%]  (Sampling)
Iteration: 13900 / 21000 [ 66%]  (Sampling)
Iteration: 15800 / 21000 [ 75%]  (Sampling)
Iteration: 14000 / 21000 [ 66%]  (Sampling)
Iteration: 15900 / 21000 [ 75%]  (Sampling)
Iteration: 14100 / 21000 [ 67%]  (Sampling)
Iteration: 16000 / 21000 [ 76%]  (Sampling)
Iteration: 14200 / 21000 [ 67%]  (Sampling)
Iteration: 16100 / 21000 [ 76%]  (Sampling)
Iteration: 14300 / 21000 [ 68%]  (Sampling)
Iteration: 16200 / 21000 [ 77%]  (Sampling)
Iteration: 14400 / 21000 [ 68%]  (Sampling)
Iteration: 16300 / 21000 [ 77%]  (Sampling)
Iteration: 14500 / 21000 [ 69%]  (Sampling)
Iteration: 16400 / 21000 [ 78%]  (Sampling)
Iteration: 14600 / 21000 [ 69%]  (Sampling)
Iteration: 16500 / 21000 [ 78%]  (Sampling)
Iteration: 14700 / 21000 [ 70%]  (Sampling)
Iteration: 16600 / 21000 [ 79%]  (Sampling)
Iteration: 14800 / 21000 [ 70%]  (Sampling)
Iteration: 16700 / 21000 [ 79%]  (Sampling)
Iteration: 14900 / 21000 [ 70%]  (Sampling)
Iteration: 16800 / 21000 [ 80%]  (Sampling)
Iteration: 15000 / 21000 [ 71%]  (Sampling)
Iteration: 16900 / 21000 [ 80%]  (Sampling)
Iteration: 15100 / 21000 [ 71%]  (Sampling)
Iteration: 17000 / 21000 [ 80%]  (Sampling)
Iteration: 15200 / 21000 [ 72%]  (Sampling)
Iteration: 17100 / 21000 [ 81%]  (Sampling)
Iteration: 15300 / 21000 [ 72%]  (Sampling)
Iteration: 17200 / 21000 [ 81%]  (Sampling)
Iteration: 15400 / 21000 [ 73%]  (Sampling)
Iteration: 17300 / 21000 [ 82%]  (Sampling)
Iteration: 15500 / 21000 [ 73%]  (Sampling)
Iteration: 17400 / 21000 [ 82%]  (Sampling)
Iteration: 15600 / 21000 [ 74%]  (Sampling)
Iteration: 17500 / 21000 [ 83%]  (Sampling)
Iteration: 15700 / 21000 [ 74%]  (Sampling)
Iteration: 17600 / 21000 [ 83%]  (Sampling)
Iteration: 15800 / 21000 [ 75%]  (Sampling)
Iteration: 17700 / 21000 [ 84%]  (Sampling)
Iteration: 15900 / 21000 [ 75%]  (Sampling)
Iteration: 17800 / 21000 [ 84%]  (Sampling)
Iteration: 16000 / 21000 [ 76%]  (Sampling)
Iteration: 17900 / 21000 [ 85%]  (Sampling)
Iteration: 16100 / 21000 [ 76%]  (Sampling)
Iteration: 18000 / 21000 [ 85%]  (Sampling)
Iteration: 16200 / 21000 [ 77%]  (Sampling)
Iteration: 18100 / 21000 [ 86%]  (Sampling)
Iteration: 16300 / 21000 [ 77%]  (Sampling)
Iteration: 18200 / 21000 [ 86%]  (Sampling)
Iteration: 16400 / 21000 [ 78%]  (Sampling)
Iteration: 18300 / 21000 [ 87%]  (Sampling)
Iteration: 16500 / 21000 [ 78%]  (Sampling)
Iteration: 18400 / 21000 [ 87%]  (Sampling)
Iteration: 16600 / 21000 [ 79%]  (Sampling)
Iteration: 18500 / 21000 [ 88%]  (Sampling)
Iteration: 16700 / 21000 [ 79%]  (Sampling)
Iteration: 18600 / 21000 [ 88%]  (Sampling)
Iteration: 16800 / 21000 [ 80%]  (Sampling)
Iteration: 18700 / 21000 [ 89%]  (Sampling)
Iteration: 16900 / 21000 [ 80%]  (Sampling)
Iteration: 18800 / 21000 [ 89%]  (Sampling)
Iteration: 17000 / 21000 [ 80%]  (Sampling)
Iteration: 18900 / 21000 [ 90%]  (Sampling)
Iteration: 17100 / 21000 [ 81%]  (Sampling)
Iteration: 19000 / 21000 [ 90%]  (Sampling)
Iteration: 17200 / 21000 [ 81%]  (Sampling)
Iteration: 19100 / 21000 [ 90%]  (Sampling)
Iteration: 17300 / 21000 [ 82%]  (Sampling)
Iteration: 19200 / 21000 [ 91%]  (Sampling)
Iteration: 17400 / 21000 [ 82%]  (Sampling)
Iteration: 19300 / 21000 [ 91%]  (Sampling)
Iteration: 17500 / 21000 [ 83%]  (Sampling)
Iteration: 19400 / 21000 [ 92%]  (Sampling)
Iteration: 17600 / 21000 [ 83%]  (Sampling)
Iteration: 19500 / 21000 [ 92%]  (Sampling)
Iteration: 17700 / 21000 [ 84%]  (Sampling)
Iteration: 19600 / 21000 [ 93%]  (Sampling)
Iteration: 17800 / 21000 [ 84%]  (Sampling)
Iteration: 19700 / 21000 [ 93%]  (Sampling)
Iteration: 17900 / 21000 [ 85%]  (Sampling)
Iteration: 19800 / 21000 [ 94%]  (Sampling)
Iteration: 18000 / 21000 [ 85%]  (Sampling)
Iteration: 19900 / 21000 [ 94%]  (Sampling)
Iteration: 18100 / 21000 [ 86%]  (Sampling)
Iteration: 20000 / 21000 [ 95%]  (Sampling)
Iteration: 18200 / 21000 [ 86%]  (Sampling)
Iteration: 20100 / 21000 [ 95%]  (Sampling)
Iteration: 18300 / 21000 [ 87%]  (Sampling)
Iteration: 20200 / 21000 [ 96%]  (Sampling)
Iteration: 18400 / 21000 [ 87%]  (Sampling)
Iteration: 20300 / 21000 [ 96%]  (Sampling)
Iteration: 18500 / 21000 [ 88%]  (Sampling)
Iteration: 20400 / 21000 [ 97%]  (Sampling)
Iteration: 18600 / 21000 [ 88%]  (Sampling)
Iteration: 20500 / 21000 [ 97%]  (Sampling)
Iteration: 18700 / 21000 [ 89%]  (Sampling)
Iteration: 20600 / 21000 [ 98%]  (Sampling)
Iteration: 18800 / 21000 [ 89%]  (Sampling)
Iteration: 20700 / 21000 [ 98%]  (Sampling)
Iteration: 18900 / 21000 [ 90%]  (Sampling)
Iteration: 20800 / 21000 [ 99%]  (Sampling)
Iteration: 19000 / 21000 [ 90%]  (Sampling)
Iteration: 20900 / 21000 [ 99%]  (Sampling)
Iteration: 19100 / 21000 [ 90%]  (Sampling)
Iteration: 21000 / 21000 [100%]  (Sampling)

 Elapsed Time: 2.857 seconds (Warm-up)
               168.932 seconds (Sampling)
               171.789 seconds (Total)

Iteration: 19200 / 21000 [ 91%]  (Sampling)
Iteration: 19300 / 21000 [ 91%]  (Sampling)
Iteration: 19400 / 21000 [ 92%]  (Sampling)
Iteration: 19500 / 21000 [ 92%]  (Sampling)
Iteration: 19600 / 21000 [ 93%]  (Sampling)
Iteration: 19700 / 21000 [ 93%]  (Sampling)
Iteration: 19800 / 21000 [ 94%]  (Sampling)
Iteration: 19900 / 21000 [ 94%]  (Sampling)
Iteration: 20000 / 21000 [ 95%]  (Sampling)
Iteration: 20100 / 21000 [ 95%]  (Sampling)
Iteration: 20200 / 21000 [ 96%]  (Sampling)
Iteration: 20300 / 21000 [ 96%]  (Sampling)
Iteration: 20400 / 21000 [ 97%]  (Sampling)
Iteration: 20500 / 21000 [ 97%]  (Sampling)
Iteration: 20600 / 21000 [ 98%]  (Sampling)
Iteration: 20700 / 21000 [ 98%]  (Sampling)
Iteration: 20800 / 21000 [ 99%]  (Sampling)
Iteration: 20900 / 21000 [ 99%]  (Sampling)
Iteration: 21000 / 21000 [100%]  (Sampling)

 Elapsed Time: 2.029 seconds (Warm-up)
               186.539 seconds (Sampling)
               188.568 seconds (Total)

